<?xml version="1.0" encoding="UTF-8"?>
<!-- Generated by org.testng.reporters.JUnitReportReporter -->
<testsuite skipped="0" hostname="ASHOK-PC" name="com.qa.hs.testsCases.LoginTest" tests="1" failures="0" timestamp="14 Mar 2019 13:27:06 GMT" time="0.021" errors="0">
  <testcase name="loginTest" time="0.021" classname="com.qa.hs.testsCases.LoginTest"/>
</testsuite> <!-- com.qa.hs.testsCases.LoginTest -->
